<?xml version="1.0" encoding="UTF-8"?>
<!-- Generated by org.testng.reporters.JUnitXMLReporter -->
<testsuite ignored="0" hostname="DESKTOP-M101FJ5" failures="5" tests="5" name="Surefire test" time="0.089" errors="0" timestamp="2023-11-07T14:11:13 IST">
  <testcase classname="com.lbrce.lab.UserValidationTest" name="testCase1" time="0.02">
    <failure type="java.util.MissingResourceException" message="Can&amp;apos;t find resource for bundle java.util.PropertyResourceBundle, key psw">
      <![CDATA[java.util.MissingResourceException: Can't find resource for bundle java.util.PropertyResourceBundle, key psw
at java.base/java.util.ResourceBundle.getObject(ResourceBundle.java:564)
at java.base/java.util.ResourceBundle.getString(ResourceBundle.java:521)
at com.lbrce.lab.UserValidation.check(UserValidation.java:10)
at com.lbrce.lab.UserValidationTest.testCase1(UserValidationTest.java:12)
at java.base/java.util.ArrayList.forEach(ArrayList.java:1511)
... Removed 32 stack frames]]>
    </failure>
  </testcase> <!-- testCase1 -->
  <testcase classname="com.lbrce.lab.UserValidationTest" name="testCase2" time="0.0">
    <failure type="java.util.MissingResourceException" message="Can&amp;apos;t find resource for bundle java.util.PropertyResourceBundle, key psw">
      <![CDATA[java.util.MissingResourceException: Can't find resource for bundle java.util.PropertyResourceBundle, key psw
at java.base/java.util.ResourceBundle.getObject(ResourceBundle.java:564)
at java.base/java.util.ResourceBundle.getString(ResourceBundle.java:521)
at com.lbrce.lab.UserValidation.check(UserValidation.java:10)
at com.lbrce.lab.UserValidationTest.testCase2(UserValidationTest.java:18)
at java.base/java.util.ArrayList.forEach(ArrayList.java:1511)
... Removed 32 stack frames]]>
    </failure>
  </testcase> <!-- testCase2 -->
  <testcase classname="com.lbrce.lab.UserValidationTest" name="testCase3" time="0.0">
    <failure type="java.util.MissingResourceException" message="Can&amp;apos;t find resource for bundle java.util.PropertyResourceBundle, key psw">
      <![CDATA[java.util.MissingResourceException: Can't find resource for bundle java.util.PropertyResourceBundle, key psw
at java.base/java.util.ResourceBundle.getObject(ResourceBundle.java:564)
at java.base/java.util.ResourceBundle.getString(ResourceBundle.java:521)
at com.lbrce.lab.UserValidation.check(UserValidation.java:10)
at com.lbrce.lab.UserValidationTest.testCase3(UserValidationTest.java:24)
at java.base/java.util.ArrayList.forEach(ArrayList.java:1511)
... Removed 32 stack frames]]>
    </failure>
  </testcase> <!-- testCase3 -->
  <testcase classname="com.lbrce.lab.UserValidationTest" name="testCase4" time="0.002">
    <failure type="java.util.MissingResourceException" message="Can&amp;apos;t find resource for bundle java.util.PropertyResourceBundle, key psw">
      <![CDATA[java.util.MissingResourceException: Can't find resource for bundle java.util.PropertyResourceBundle, key psw
at java.base/java.util.ResourceBundle.getObject(ResourceBundle.java:564)
at java.base/java.util.ResourceBundle.getString(ResourceBundle.java:521)
at com.lbrce.lab.UserValidation.check(UserValidation.java:10)
at com.lbrce.lab.UserValidationTest.testCase4(UserValidationTest.java:30)
at java.base/java.util.ArrayList.forEach(ArrayList.java:1511)
... Removed 32 stack frames]]>
    </failure>
  </testcase> <!-- testCase4 -->
  <testcase classname="com.lbrce.lab.UserValidationTest" name="testCase5" time="0.001">
    <failure type="java.util.MissingResourceException" message="Can&amp;apos;t find resource for bundle java.util.PropertyResourceBundle, key psw">
      <![CDATA[java.util.MissingResourceException: Can't find resource for bundle java.util.PropertyResourceBundle, key psw
at java.base/java.util.ResourceBundle.getObject(ResourceBundle.java:564)
at java.base/java.util.ResourceBundle.getString(ResourceBundle.java:521)
at com.lbrce.lab.UserValidation.check(UserValidation.java:10)
at com.lbrce.lab.UserValidationTest.testCase5(UserValidationTest.java:36)
at java.base/java.util.ArrayList.forEach(ArrayList.java:1511)
... Removed 32 stack frames]]>
    </failure>
  </testcase> <!-- testCase5 -->
</testsuite> <!-- Surefire test -->
